
> @pancakeswap/uikit@0.63.4 build /workspace/IceCreamSwapUi/packages/uikit
> vite build

vite v4.5.3 building for production...
transforming...
../../node_modules/.pnpm/wagmi@1.3.10_@types+react@18.2.21_bufferutil@4.0.8_encoding@0.1.13_immer@9.0.21_react-dom@18._d7gcafiv2tdplj5fmjafljviyy/node_modules/wagmi/dist/index.js (1:0) Module level directives cause errors when bundled, "use client" in "../../node_modules/.pnpm/wagmi@1.3.10_@types+react@18.2.21_bufferutil@4.0.8_encoding@0.1.13_immer@9.0.21_react-dom@18._d7gcafiv2tdplj5fmjafljviyy/node_modules/wagmi/dist/index.js" was ignored.
../../node_modules/.pnpm/@tanstack+react-query@4.36.1_react-dom@18.2.0_react@18.2.0__react@18.2.0/node_modules/@tanstack/react-query/build/lib/useQueries.mjs (1:0) Module level directives cause errors when bundled, "use client" in "../../node_modules/.pnpm/@tanstack+react-query@4.36.1_react-dom@18.2.0_react@18.2.0__react@18.2.0/node_modules/@tanstack/react-query/build/lib/useQueries.mjs" was ignored.
../../node_modules/.pnpm/@tanstack+react-query@4.36.1_react-dom@18.2.0_react@18.2.0__react@18.2.0/node_modules/@tanstack/react-query/build/lib/useQuery.mjs (1:0) Module level directives cause errors when bundled, "use client" in "../../node_modules/.pnpm/@tanstack+react-query@4.36.1_react-dom@18.2.0_react@18.2.0__react@18.2.0/node_modules/@tanstack/react-query/build/lib/useQuery.mjs" was ignored.
../../node_modules/.pnpm/@tanstack+react-query@4.36.1_react-dom@18.2.0_react@18.2.0__react@18.2.0/node_modules/@tanstack/react-query/build/lib/QueryClientProvider.mjs (1:0) Module level directives cause errors when bundled, "use client" in "../../node_modules/.pnpm/@tanstack+react-query@4.36.1_react-dom@18.2.0_react@18.2.0__react@18.2.0/node_modules/@tanstack/react-query/build/lib/QueryClientProvider.mjs" was ignored.
../../node_modules/.pnpm/@tanstack+react-query@4.36.1_react-dom@18.2.0_react@18.2.0__react@18.2.0/node_modules/@tanstack/react-query/build/lib/Hydrate.mjs (1:0) Module level directives cause errors when bundled, "use client" in "../../node_modules/.pnpm/@tanstack+react-query@4.36.1_react-dom@18.2.0_react@18.2.0__react@18.2.0/node_modules/@tanstack/react-query/build/lib/Hydrate.mjs" was ignored.
../../node_modules/.pnpm/@tanstack+react-query@4.36.1_react-dom@18.2.0_react@18.2.0__react@18.2.0/node_modules/@tanstack/react-query/build/lib/useIsFetching.mjs (1:0) Module level directives cause errors when bundled, "use client" in "../../node_modules/.pnpm/@tanstack+react-query@4.36.1_react-dom@18.2.0_react@18.2.0__react@18.2.0/node_modules/@tanstack/react-query/build/lib/useIsFetching.mjs" was ignored.
../../node_modules/.pnpm/@tanstack+react-query@4.36.1_react-dom@18.2.0_react@18.2.0__react@18.2.0/node_modules/@tanstack/react-query/build/lib/useMutation.mjs (1:0) Module level directives cause errors when bundled, "use client" in "../../node_modules/.pnpm/@tanstack+react-query@4.36.1_react-dom@18.2.0_react@18.2.0__react@18.2.0/node_modules/@tanstack/react-query/build/lib/useMutation.mjs" was ignored.
../../node_modules/.pnpm/@tanstack+react-query@4.36.1_react-dom@18.2.0_react@18.2.0__react@18.2.0/node_modules/@tanstack/react-query/build/lib/useIsMutating.mjs (1:0) Module level directives cause errors when bundled, "use client" in "../../node_modules/.pnpm/@tanstack+react-query@4.36.1_react-dom@18.2.0_react@18.2.0__react@18.2.0/node_modules/@tanstack/react-query/build/lib/useIsMutating.mjs" was ignored.
../../node_modules/.pnpm/@tanstack+react-query@4.36.1_react-dom@18.2.0_react@18.2.0__react@18.2.0/node_modules/@tanstack/react-query/build/lib/useInfiniteQuery.mjs (1:0) Module level directives cause errors when bundled, "use client" in "../../node_modules/.pnpm/@tanstack+react-query@4.36.1_react-dom@18.2.0_react@18.2.0__react@18.2.0/node_modules/@tanstack/react-query/build/lib/useInfiniteQuery.mjs" was ignored.
../../node_modules/.pnpm/@tanstack+react-query@4.36.1_react-dom@18.2.0_react@18.2.0__react@18.2.0/node_modules/@tanstack/react-query/build/lib/isRestoring.mjs (1:0) Module level directives cause errors when bundled, "use client" in "../../node_modules/.pnpm/@tanstack+react-query@4.36.1_react-dom@18.2.0_react@18.2.0__react@18.2.0/node_modules/@tanstack/react-query/build/lib/isRestoring.mjs" was ignored.
../../node_modules/.pnpm/@tanstack+react-query-persist-client@4.35.7_@tanstack+react-query@4.36.1_react-dom@18.2.0_react@18.2.0__react@18.2.0_/node_modules/@tanstack/react-query-persist-client/build/lib/PersistQueryClientProvider.mjs (1:0) Module level directives cause errors when bundled, "use client" in "../../node_modules/.pnpm/@tanstack+react-query-persist-client@4.35.7_@tanstack+react-query@4.36.1_react-dom@18.2.0_react@18.2.0__react@18.2.0_/node_modules/@tanstack/react-query-persist-client/build/lib/PersistQueryClientProvider.mjs" was ignored.
../../node_modules/.pnpm/@tanstack+react-query@4.36.1_react-dom@18.2.0_react@18.2.0__react@18.2.0/node_modules/@tanstack/react-query/build/lib/QueryErrorResetBoundary.mjs (1:0) Module level directives cause errors when bundled, "use client" in "../../node_modules/.pnpm/@tanstack+react-query@4.36.1_react-dom@18.2.0_react@18.2.0__react@18.2.0/node_modules/@tanstack/react-query/build/lib/QueryErrorResetBoundary.mjs" was ignored.
../../node_modules/.pnpm/@tanstack+react-query@4.36.1_react-dom@18.2.0_react@18.2.0__react@18.2.0/node_modules/@tanstack/react-query/build/lib/reactBatchedUpdates.mjs (1:0) Module level directives cause errors when bundled, "use client" in "../../node_modules/.pnpm/@tanstack+react-query@4.36.1_react-dom@18.2.0_react@18.2.0__react@18.2.0/node_modules/@tanstack/react-query/build/lib/reactBatchedUpdates.mjs" was ignored.
../../node_modules/.pnpm/@tanstack+react-query@4.36.1_react-dom@18.2.0_react@18.2.0__react@18.2.0/node_modules/@tanstack/react-query/build/lib/useSyncExternalStore.mjs (1:0) Module level directives cause errors when bundled, "use client" in "../../node_modules/.pnpm/@tanstack+react-query@4.36.1_react-dom@18.2.0_react@18.2.0__react@18.2.0/node_modules/@tanstack/react-query/build/lib/useSyncExternalStore.mjs" was ignored.
../../node_modules/.pnpm/@tanstack+react-query@4.36.1_react-dom@18.2.0_react@18.2.0__react@18.2.0/node_modules/@tanstack/react-query/build/lib/errorBoundaryUtils.mjs (1:0) Module level directives cause errors when bundled, "use client" in "../../node_modules/.pnpm/@tanstack+react-query@4.36.1_react-dom@18.2.0_react@18.2.0__react@18.2.0/node_modules/@tanstack/react-query/build/lib/errorBoundaryUtils.mjs" was ignored.
../../node_modules/.pnpm/@tanstack+react-query@4.36.1_react-dom@18.2.0_react@18.2.0__react@18.2.0/node_modules/@tanstack/react-query/build/lib/useBaseQuery.mjs (1:0) Module level directives cause errors when bundled, "use client" in "../../node_modules/.pnpm/@tanstack+react-query@4.36.1_react-dom@18.2.0_react@18.2.0__react@18.2.0/node_modules/@tanstack/react-query/build/lib/useBaseQuery.mjs" was ignored.
[plugin:vite:resolve] Module "fs" has been externalized for browser compatibility, imported by "/workspace/IceCreamSwapUi/node_modules/.pnpm/next@14.2.3_@babel+core@7.25.2_@opentelemetry+api@1.9.0_react-dom@18.2.0_react@18.2.0__react@18.2.0/node_modules/next/dist/compiled/gzip-size/index.js". See http://vitejs.dev/guide/troubleshooting.html#module-externalized-for-browser-compatibility for more details.
[plugin:vite:resolve] Module "stream" has been externalized for browser compatibility, imported by "/workspace/IceCreamSwapUi/node_modules/.pnpm/next@14.2.3_@babel+core@7.25.2_@opentelemetry+api@1.9.0_react-dom@18.2.0_react@18.2.0__react@18.2.0/node_modules/next/dist/compiled/gzip-size/index.js". See http://vitejs.dev/guide/troubleshooting.html#module-externalized-for-browser-compatibility for more details.
[plugin:vite:resolve] Module "zlib" has been externalized for browser compatibility, imported by "/workspace/IceCreamSwapUi/node_modules/.pnpm/next@14.2.3_@babel+core@7.25.2_@opentelemetry+api@1.9.0_react-dom@18.2.0_react@18.2.0__react@18.2.0/node_modules/next/dist/compiled/gzip-size/index.js". See http://vitejs.dev/guide/troubleshooting.html#module-externalized-for-browser-compatibility for more details.
✓ 2384 modules transformed.
rendering chunks...

[vite:dts] Start generate declaration files...
computing gzip size...
dist/style.css                          267.51 kB │ gzip:  24.95 kB
dist/motionDomMax-16a98f75.cjs            0.19 kB │ gzip:   0.16 kB
dist/motionDomAnimation-fdbf78cc.cjs      0.19 kB │ gzip:   0.16 kB
dist/index.cjs                        1,178.66 kB │ gzip: 407.85 kB
[vite:dts] Declaration files built in 47500ms.

dist/style.css                         267.51 kB │ gzip:  24.95 kB
dist/motionDomMax-067024b5.js            0.10 kB │ gzip:   0.09 kB
dist/motionDomAnimation-868b3e00.js      0.10 kB │ gzip:   0.09 kB
dist/index.js                        1,512.76 kB │ gzip: 447.57 kB
✓ built in 1m 5s
