
> @pancakeswap/token-lists@0.0.8 build /workspace/IceCreamSwapUi/packages/token-lists
> tsup

CLI Building entry: {"index":"./src/index.ts","react":"./react/index.ts"}
CLI Using tsconfig: tsconfig.json
CLI tsup v6.7.0
CLI Using tsup config: /workspace/IceCreamSwapUi/packages/token-lists/tsup.config.ts
CLI Target: es6
ESM Build start
CJS Build start
Entry module "dist/getTokenList-ZA3TZWDZ.js" is using named and default exports together. Consumers of your bundle will have to use `chunk.default` to access the default export, which may not be what you want. Use `output.exports: "named"` to disable this warning.
ESM dist/chunk-2L3ZO4UM.mjs        1.42 KB
ESM dist/index.mjs                 160.00 B
ESM dist/chunk-2WKKRXDU.mjs        2.94 KB
ESM dist/getTokenList-OAP3CYPF.mjs 13.40 KB
ESM dist/react.mjs                 8.29 KB
ESM ⚡️ Build success in 328ms
CJS dist/index.js                 815.00 B
CJS dist/react.js                 8.97 KB
CJS dist/getTokenList-ZA3TZWDZ.js 13.75 KB
CJS dist/chunk-7FQXTAZD.js        3.10 KB
CJS dist/chunk-4TPCCB4K.js        1.49 KB
CJS ⚡️ Build success in 329ms
DTS Build start
DTS ⚡️ Build success in 4672ms
DTS dist/index.d.ts          1.72 KB
DTS dist/react.d.ts          2.50 KB
DTS dist/types-d6730d17.d.ts 1.03 KB
